2025-12-23T16:13:35.921Z - Page visited: /
2025-12-23T16:13:38.063Z - Page visited: /
2025-12-23T16:13:48.665Z - Page visited: /
2025-12-23T16:13:50.186Z - Page visited: /about
2025-12-23T16:13:51.031Z - Page visited: /about
2025-12-23T16:13:51.407Z - Page visited: /about
2025-12-23T16:13:51.727Z - Page visited: /about
2025-12-23T16:13:52.281Z - Page visited: /about
2025-12-23T16:13:53.121Z - Page visited: /about
2025-12-23T16:13:59.544Z - Page visited: /about
2025-12-23T16:13:59.557Z - Page visited: /favicon.ico
2025-12-23T16:14:08.886Z - Page visited: /d
2025-12-23T16:14:16.050Z - Page visited: /
2025-12-29T14:47:50.461Z - Page visited: /
2025-12-29T14:47:50.515Z - Page visited: /favicon.ico
2025-12-29T14:47:52.167Z - Page visited: /
2025-12-29T14:47:52.734Z - Page visited: /about
2025-12-29T14:47:53.375Z - Page visited: /contact
2025-12-29T14:47:56.147Z - Page visited: /auth
2025-12-29T15:05:13.822Z - Page visited: /auth
2025-12-29T15:05:24.250Z - Page visited: /auth/register
2025-12-29T15:05:30.004Z - Page visited: /auth/register
2025-12-29T15:05:39.280Z - Page visited: /auth/login
2025-12-29T15:06:28.798Z - Page visited: /auth/login
2025-12-29T15:06:31.509Z - Page visited: /auth/login
2025-12-29T15:08:50.423Z - Page visited: /
2025-12-29T15:08:51.672Z - Page visited: /auth
2025-12-29T15:08:54.960Z - Page visited: /
2025-12-29T15:08:55.729Z - Page visited: /about
2025-12-29T15:08:56.347Z - Page visited: /contact
2025-12-29T15:08:56.872Z - Page visited: /about
2025-12-29T15:08:57.536Z - Page visited: /
2025-12-29T15:08:58.305Z - Page visited: /about
2025-12-29T15:09:00.496Z - Page visited: /contact
2025-12-29T15:09:00.992Z - Page visited: /
2025-12-29T15:09:01.888Z - Page visited: /contact
2025-12-29T15:09:06.278Z - Page visited: /contact
2025-12-29T17:06:08.251Z - Page visited: /
2025-12-29T17:06:09.309Z - Page visited: /about
2025-12-29T17:06:09.667Z - Page visited: /contact
2025-12-29T17:06:10.899Z - Page visited: /
2025-12-29T17:06:11.268Z - Page visited: /about
2025-12-30T07:59:25.519Z - Page visited: /test-session
2025-12-30T07:59:27.549Z - Page visited: /test-session
2025-12-30T07:59:27.941Z - Page visited: /test-session
2025-12-30T07:59:28.132Z - Page visited: /test-session
2025-12-30T07:59:28.290Z - Page visited: /test-session
2025-12-30T07:59:28.793Z - Page visited: /test-session
2025-12-30T07:59:28.819Z - Page visited: /test-session
2025-12-30T07:59:28.849Z - Page visited: /test-session
2025-12-30T07:59:28.880Z - Page visited: /test-session
2025-12-30T07:59:28.909Z - Page visited: /test-session
2025-12-30T07:59:28.943Z - Page visited: /test-session
2025-12-30T07:59:28.970Z - Page visited: /test-session
2025-12-30T07:59:29.000Z - Page visited: /test-session
2025-12-30T07:59:29.030Z - Page visited: /test-session
2025-12-30T07:59:29.060Z - Page visited: /test-session
2025-12-30T07:59:29.090Z - Page visited: /test-session
2025-12-30T07:59:29.121Z - Page visited: /test-session
2025-12-30T07:59:29.151Z - Page visited: /test-session
2025-12-30T07:59:29.183Z - Page visited: /test-session
2025-12-30T07:59:29.213Z - Page visited: /test-session
2025-12-30T07:59:29.243Z - Page visited: /test-session
2025-12-30T07:59:29.275Z - Page visited: /test-session
2025-12-30T07:59:29.302Z - Page visited: /test-session
2025-12-30T07:59:29.332Z - Page visited: /test-session
2025-12-30T07:59:29.364Z - Page visited: /test-session
2025-12-30T07:59:29.393Z - Page visited: /test-session
2025-12-30T07:59:29.424Z - Page visited: /test-session
2025-12-30T07:59:29.454Z - Page visited: /test-session
2025-12-30T07:59:29.484Z - Page visited: /test-session
2025-12-30T07:59:29.514Z - Page visited: /test-session
2025-12-30T07:59:29.544Z - Page visited: /test-session
2025-12-30T07:59:29.574Z - Page visited: /test-session
2025-12-30T07:59:29.604Z - Page visited: /test-session
2025-12-30T07:59:29.633Z - Page visited: /test-session
2025-12-30T07:59:29.664Z - Page visited: /test-session
2025-12-30T07:59:29.693Z - Page visited: /test-session
2025-12-30T07:59:29.726Z - Page visited: /test-session
2025-12-30T07:59:29.754Z - Page visited: /test-session
2025-12-30T07:59:29.784Z - Page visited: /test-session
2025-12-30T07:59:29.815Z - Page visited: /test-session
2025-12-30T07:59:29.845Z - Page visited: /test-session
2025-12-30T07:59:29.875Z - Page visited: /test-session
2025-12-30T07:59:29.905Z - Page visited: /test-session
2025-12-30T07:59:29.935Z - Page visited: /test-session
2025-12-30T07:59:29.966Z - Page visited: /test-session
2025-12-30T07:59:29.996Z - Page visited: /test-session
2025-12-30T07:59:30.026Z - Page visited: /test-session
2025-12-30T07:59:30.056Z - Page visited: /test-session
2025-12-30T07:59:30.086Z - Page visited: /test-session
2025-12-30T07:59:30.116Z - Page visited: /test-session
2025-12-30T07:59:30.146Z - Page visited: /test-session
2025-12-30T07:59:30.176Z - Page visited: /test-session
2025-12-30T07:59:30.207Z - Page visited: /test-session
2025-12-30T07:59:30.236Z - Page visited: /test-session
2025-12-30T07:59:30.267Z - Page visited: /test-session
2025-12-30T07:59:30.297Z - Page visited: /test-session
2025-12-30T07:59:30.327Z - Page visited: /test-session
2025-12-30T07:59:30.357Z - Page visited: /test-session
2025-12-30T07:59:30.387Z - Page visited: /test-session
2025-12-30T07:59:30.418Z - Page visited: /test-session
2025-12-30T07:59:30.448Z - Page visited: /test-session
2025-12-30T07:59:30.478Z - Page visited: /test-session
2025-12-30T07:59:30.508Z - Page visited: /test-session
2025-12-30T07:59:30.538Z - Page visited: /test-session
2025-12-30T07:59:30.569Z - Page visited: /test-session
2025-12-30T07:59:30.599Z - Page visited: /test-session
2025-12-30T07:59:30.629Z - Page visited: /test-session
2025-12-30T07:59:30.659Z - Page visited: /test-session
2025-12-30T07:59:30.689Z - Page visited: /test-session
2025-12-30T07:59:30.720Z - Page visited: /test-session
2025-12-30T07:59:30.750Z - Page visited: /test-session
2025-12-30T07:59:30.780Z - Page visited: /test-session
2025-12-30T07:59:30.810Z - Page visited: /test-session
2025-12-30T07:59:30.843Z - Page visited: /test-session
2025-12-30T07:59:30.870Z - Page visited: /test-session
2025-12-30T07:59:30.900Z - Page visited: /test-session
2025-12-30T07:59:30.931Z - Page visited: /test-session
2025-12-30T07:59:30.960Z - Page visited: /test-session
2025-12-30T07:59:30.991Z - Page visited: /test-session
2025-12-30T07:59:31.020Z - Page visited: /test-session
2025-12-30T07:59:31.050Z - Page visited: /test-session
2025-12-30T07:59:31.081Z - Page visited: /test-session
2025-12-30T08:25:56.411Z - Page visited: /
2025-12-30T08:25:56.438Z - Page visited: /favicon.ico
2025-12-30T08:25:57.662Z - Page visited: /auth
2025-12-30T08:26:08.102Z - Page visited: /dashboard
2025-12-30T08:26:08.106Z - Page visited: /auth
2025-12-30T08:26:30.344Z - Page visited: /dashboard
2025-12-30T08:26:30.346Z - Page visited: /auth
2025-12-30T08:28:38.187Z - Page visited: /
2025-12-30T08:28:39.505Z - Page visited: /auth
2025-12-30T08:29:15.275Z - Page visited: /
2025-12-30T08:29:16.840Z - Page visited: /auth
2025-12-30T08:30:37.960Z - Page visited: /
2025-12-30T08:30:39.523Z - Page visited: /auth
2025-12-30T08:30:48.278Z - Page visited: /dashboard
2025-12-30T08:31:14.517Z - Page visited: /
2025-12-30T08:31:15.700Z - Page visited: /auth
2025-12-30T08:31:23.827Z - Page visited: /dashboard
2025-12-30T08:31:47.833Z - Page visited: /dashboard
2025-12-30T08:31:48.879Z - Page visited: /dashboard
2025-12-30T08:31:49.438Z - Page visited: /dashboard
2025-12-30T08:31:49.660Z - Page visited: /dashboard
2025-12-30T08:31:49.861Z - Page visited: /dashboard
2025-12-30T08:31:50.020Z - Page visited: /dashboard
2025-12-30T08:31:50.203Z - Page visited: /dashboard
2025-12-30T08:31:50.349Z - Page visited: /dashboard
2025-12-30T08:31:53.235Z - Page visited: /dashboard
2025-12-30T08:31:53.239Z - Page visited: /auth
2025-12-30T08:32:10.339Z - Page visited: /dashboard
2025-12-30T08:33:51.196Z - Page visited: /dashboard
2025-12-30T08:33:51.200Z - Page visited: /auth
2025-12-30T08:34:01.962Z - Page visited: /dashboard
2025-12-30T09:03:14.926Z - Page visited: /
2025-12-30T09:03:14.951Z - Page visited: /favicon.ico
2025-12-30T09:03:16.416Z - Page visited: /auth
2025-12-30T09:03:25.455Z - Page visited: /dashboard
2025-12-30T09:03:35.474Z - Page visited: /
2025-12-30T09:04:09.099Z - Page visited: /
2025-12-30T09:04:09.577Z - Page visited: /
2025-12-30T09:04:13.125Z - Page visited: /
2025-12-30T09:04:13.591Z - Page visited: /auth
2025-12-30T09:04:41.219Z - Page visited: /
2025-12-30T09:04:43.007Z - Page visited: /auth
2025-12-30T09:04:52.488Z - Page visited: /dashboard
2025-12-30T09:07:41.864Z - Page visited: /dashboard
2025-12-30T09:07:41.867Z - Page visited: /auth
2025-12-30T09:07:53.500Z - Page visited: /dashboard
2025-12-30T09:09:34.857Z - Page visited: /
2025-12-30T09:09:35.815Z - Page visited: /auth
2025-12-30T09:09:53.506Z - Page visited: /dashboard
2025-12-30T09:11:41.777Z - Page visited: /
2025-12-30T09:11:42.742Z - Page visited: /auth
2025-12-30T09:11:50.382Z - Page visited: /dashboard
2025-12-30T09:23:43.870Z - Page visited: /
2025-12-30T09:23:44.794Z - Page visited: /auth
2025-12-30T09:23:53.372Z - Page visited: /dashboard
2025-12-30T09:23:54.951Z - Page visited: /
2025-12-30T09:24:00.467Z - Page visited: /auth
2025-12-30T09:24:03.058Z - Page visited: /dashboard
2025-12-30T09:24:04.936Z - Page visited: /
2025-12-30T09:24:05.890Z - Page visited: /auth
